<?xml version="1.0" encoding="UTF-8"?>
<testsuite xmlns:xsi="http://www.w3.org/2001/XMLSchema-instance" xsi:noNamespaceSchemaLocation="https://maven.apache.org/surefire/maven-surefire-plugin/xsd/surefire-test-report.xsd" version="3.0.2" name="tacos.TacocloudApplicationTests" time="4.426" tests="1" errors="0" skipped="0" failures="0">
  <properties>
[...]
</properties>
  <testcase name="contextLoads" classname="tacos.TacocloudApplicationTests" time="0.279">
    <system-out><![CDATA[01:39:30.393 [main] INFO org.springframework.test.context.support.AnnotationConfigContextLoaderUtils -- Could not detect default configuration classes for test class [tacos.TacocloudApplicationTests]: TacocloudApplicationTests does not declare any static, non-private, non-final, nested classes annotated with @Configuration.
01:39:30.491 [main] INFO org.springframework.boot.test.context.SpringBootTestContextBootstrapper -- Found @SpringBootConfiguration tacos.TacoCloudApplication for test class tacos.TacocloudApplicationTests
01:39:30.589 [main] INFO org.springframework.boot.devtools.restart.RestartApplicationListener -- Restart disabled due to context in which it is running

  .   ____          _            __ _ _
 /\\ / ___'_ __ _ _(_)_ __  __ _ \ \ \ \
( ( )\___ | '_ | '_| | '_ \/ _` | \ \ \ \
 \\/  ___)| |_)| | | | | || (_| |  ) ) ) )
  '  |____| .__|_| |_|_| |_\__, | / / / /
 =========|_|==============|___/=/_/_/_/

 :: Spring Boot ::                (v3.4.5)

2025-06-02T01:39:30.780+09:00  INFO 14932 --- [           main] tacos.TacocloudApplicationTests          : Starting TacocloudApplicationTests using Java 24.0.1 with PID 14932 (started by mj481 in C:\Users\mj481\IdeaProjects\tacocloud2)
2025-06-02T01:39:30.782+09:00  INFO 14932 --- [           main] tacos.TacocloudApplicationTests          : No active profile set, falling back to 1 default profile: "default"
2025-06-02T01:39:31.293+09:00  INFO 14932 --- [           main] .s.d.r.c.RepositoryConfigurationDelegate : Multiple Spring Data modules found, entering strict repository configuration mode
2025-06-02T01:39:31.294+09:00  INFO 14932 --- [           main] .s.d.r.c.RepositoryConfigurationDelegate : Bootstrapping Spring Data JDBC repositories in DEFAULT mode.
2025-06-02T01:39:31.318+09:00  INFO 14932 --- [           main] .RepositoryConfigurationExtensionSupport : Spring Data JDBC - Could not safely identify store assignment for repository candidate interface tacos.data.IngredientRepository; If you want this repository to be a JDBC repository, consider annotating your entities with one of these annotations: org.springframework.data.relational.core.mapping.Table.
2025-06-02T01:39:31.319+09:00  INFO 14932 --- [           main] .RepositoryConfigurationExtensionSupport : Spring Data JDBC - Could not safely identify store assignment for repository candidate interface tacos.data.OrderRepository; If you want this repository to be a JDBC repository, consider annotating your entities with one of these annotations: org.springframework.data.relational.core.mapping.Table.
2025-06-02T01:39:31.320+09:00  INFO 14932 --- [           main] .RepositoryConfigurationExtensionSupport : Spring Data JDBC - Could not safely identify store assignment for repository candidate interface tacos.data.UserRepository; If you want this repository to be a JDBC repository, consider annotating your entities with one of these annotations: org.springframework.data.relational.core.mapping.Table.
2025-06-02T01:39:31.320+09:00  INFO 14932 --- [           main] .s.d.r.c.RepositoryConfigurationDelegate : Finished Spring Data repository scanning in 21 ms. Found 0 JDBC repository interfaces.
2025-06-02T01:39:31.326+09:00  INFO 14932 --- [           main] .s.d.r.c.RepositoryConfigurationDelegate : Multiple Spring Data modules found, entering strict repository configuration mode
2025-06-02T01:39:31.326+09:00  INFO 14932 --- [           main] .s.d.r.c.RepositoryConfigurationDelegate : Bootstrapping Spring Data JPA repositories in DEFAULT mode.
2025-06-02T01:39:31.332+09:00  INFO 14932 --- [           main] .RepositoryConfigurationExtensionSupport : Spring Data JPA - Could not safely identify store assignment for repository candidate interface tacos.data.IngredientRepository; If you want this repository to be a JPA repository, consider annotating your entities with one of these annotations: jakarta.persistence.Entity, jakarta.persistence.MappedSuperclass (preferred), or consider extending one of the following types with your repository: org.springframework.data.jpa.repository.JpaRepository
2025-06-02T01:39:31.332+09:00  INFO 14932 --- [           main] .RepositoryConfigurationExtensionSupport : Spring Data JPA - Could not safely identify store assignment for repository candidate interface tacos.data.OrderRepository; If you want this repository to be a JPA repository, consider annotating your entities with one of these annotations: jakarta.persistence.Entity, jakarta.persistence.MappedSuperclass (preferred), or consider extending one of the following types with your repository: org.springframework.data.jpa.repository.JpaRepository
2025-06-02T01:39:31.332+09:00  INFO 14932 --- [           main] .RepositoryConfigurationExtensionSupport : Spring Data JPA - Could not safely identify store assignment for repository candidate interface tacos.data.UserRepository; If you want this repository to be a JPA repository, consider annotating your entities with one of these annotations: jakarta.persistence.Entity, jakarta.persistence.MappedSuperclass (preferred), or consider extending one of the following types with your repository: org.springframework.data.jpa.repository.JpaRepository
2025-06-02T01:39:31.332+09:00  INFO 14932 --- [           main] .s.d.r.c.RepositoryConfigurationDelegate : Finished Spring Data repository scanning in 3 ms. Found 0 JPA repository interfaces.
2025-06-02T01:39:31.347+09:00  INFO 14932 --- [           main] .s.d.r.c.RepositoryConfigurationDelegate : Multiple Spring Data modules found, entering strict repository configuration mode
2025-06-02T01:39:31.347+09:00  INFO 14932 --- [           main] .s.d.r.c.RepositoryConfigurationDelegate : Bootstrapping Spring Data MongoDB repositories in DEFAULT mode.
2025-06-02T01:39:31.361+09:00  INFO 14932 --- [           main] .s.d.r.c.RepositoryConfigurationDelegate : Finished Spring Data repository scanning in 12 ms. Found 3 MongoDB repository interfaces.
2025-06-02T01:39:31.663+09:00  INFO 14932 --- [           main] com.zaxxer.hikari.HikariDataSource       : HikariPool-1 - Starting...
2025-06-02T01:39:31.849+09:00  INFO 14932 --- [           main] com.zaxxer.hikari.pool.HikariPool        : HikariPool-1 - Added connection conn0: url=jdbc:h2:mem:testdb user=SA
2025-06-02T01:39:31.850+09:00  INFO 14932 --- [           main] com.zaxxer.hikari.HikariDataSource       : HikariPool-1 - Start completed.
2025-06-02T01:39:31.964+09:00  INFO 14932 --- [           main] o.hibernate.jpa.internal.util.LogHelper  : HHH000204: Processing PersistenceUnitInfo [name: default]
2025-06-02T01:39:32.035+09:00  INFO 14932 --- [           main] org.hibernate.Version                    : HHH000412: Hibernate ORM core version 6.6.13.Final
2025-06-02T01:39:32.080+09:00  INFO 14932 --- [           main] o.h.c.internal.RegionFactoryInitiator    : HHH000026: Second-level cache disabled
2025-06-02T01:39:32.270+09:00  INFO 14932 --- [           main] o.s.o.j.p.SpringPersistenceUnitInfo      : No LoadTimeWeaver setup: ignoring JPA class transformer
2025-06-02T01:39:32.315+09:00  INFO 14932 --- [           main] org.hibernate.orm.connections.pooling    : HHH10001005: Database info:
	Database JDBC URL [Connecting through datasource 'HikariDataSource (HikariPool-1)']
	Database driver: undefined/unknown
	Database version: 2.3.232
	Autocommit mode: undefined/unknown
	Isolation level: undefined/unknown
	Minimum pool size: undefined/unknown
	Maximum pool size: undefined/unknown
2025-06-02T01:39:32.484+09:00  INFO 14932 --- [           main] o.h.e.t.j.p.i.JtaPlatformInitiator       : HHH000489: No JTA platform available (set 'hibernate.transaction.jta.platform' to enable JTA platform integration)
2025-06-02T01:39:32.487+09:00  INFO 14932 --- [           main] j.LocalContainerEntityManagerFactoryBean : Initialized JPA EntityManagerFactory for persistence unit 'default'
2025-06-02T01:39:32.645+09:00  INFO 14932 --- [of0.mongodb.net] org.mongodb.driver.cluster               : Adding discovered server ac-o1zl68d-shard-00-02.mdizof0.mongodb.net:27017 to client view of cluster
2025-06-02T01:39:32.651+09:00  INFO 14932 --- [           main] org.mongodb.driver.client                : MongoClient with metadata {"driver": {"name": "mongo-java-driver|sync|spring-boot", "version": "5.2.1"}, "os": {"type": "Windows", "name": "Windows 11", "architecture": "amd64", "version": "10.0"}, "platform": "Java/Oracle Corporation/24.0.1+9-30"} created with settings MongoClientSettings{readPreference=primary, writeConcern=WriteConcern{w=null, wTimeout=null ms, journal=null}, retryWrites=true, retryReads=true, readConcern=ReadConcern{level=null}, credential=MongoCredential{mechanism=null, userName='mj48114421', source='admin', password=<hidden>, mechanismProperties=<hidden>}, transportSettings=null, commandListeners=[], codecRegistry=ProvidersCodecRegistry{codecProviders=[ValueCodecProvider{}, BsonValueCodecProvider{}, DBRefCodecProvider{}, DBObjectCodecProvider{}, DocumentCodecProvider{}, CollectionCodecProvider{}, IterableCodecProvider{}, MapCodecProvider{}, GeoJsonCodecProvider{}, GridFSFileCodecProvider{}, Jsr310CodecProvider{}, JsonObjectCodecProvider{}, BsonCodecProvider{}, EnumCodecProvider{}, com.mongodb.client.model.mql.ExpressionCodecProvider@7f3e9acc, com.mongodb.Jep395RecordCodecProvider@47d4e28a, com.mongodb.KotlinCodecProvider@177068db]}, loggerSettings=LoggerSettings{maxDocumentLength=1000}, clusterSettings={hosts=[127.0.0.1:27017], srvHost=cluster0.mdizof0.mongodb.net, srvServiceName=mongodb, mode=MULTIPLE, requiredClusterType=REPLICA_SET, requiredReplicaSetName='atlas-mvfgaz-shard-0', serverSelector='null', clusterListeners='[]', serverSelectionTimeout='30000 ms', localThreshold='15 ms'}, socketSettings=SocketSettings{connectTimeoutMS=10000, readTimeoutMS=0, receiveBufferSize=0, proxySettings=ProxySettings{host=null, port=null, username=null, password=null}}, heartbeatSocketSettings=SocketSettings{connectTimeoutMS=10000, readTimeoutMS=10000, receiveBufferSize=0, proxySettings=ProxySettings{host=null, port=null, username=null, password=null}}, connectionPoolSettings=ConnectionPoolSettings{maxSize=100, minSize=0, maxWaitTimeMS=120000, maxConnectionLifeTimeMS=0, maxConnectionIdleTimeMS=0, maintenanceInitialDelayMS=0, maintenanceFrequencyMS=60000, connectionPoolListeners=[], maxConnecting=2}, serverSettings=ServerSettings{heartbeatFrequencyMS=10000, minHeartbeatFrequencyMS=500, serverMonitoringMode=AUTO, serverListeners='[]', serverMonitorListeners='[]'}, sslSettings=SslSettings{enabled=true, invalidHostNameAllowed=false, context=null}, applicationName='null', compressorList=[], uuidRepresentation=JAVA_LEGACY, serverApi=null, autoEncryptionSettings=null, dnsClient=null, inetAddressResolver=null, contextProvider=null, timeoutMS=null}
2025-06-02T01:39:32.661+09:00  INFO 14932 --- [of0.mongodb.net] org.mongodb.driver.cluster               : Adding discovered server ac-o1zl68d-shard-00-01.mdizof0.mongodb.net:27017 to client view of cluster
2025-06-02T01:39:32.663+09:00  INFO 14932 --- [of0.mongodb.net] org.mongodb.driver.cluster               : Adding discovered server ac-o1zl68d-shard-00-00.mdizof0.mongodb.net:27017 to client view of cluster
2025-06-02T01:39:33.161+09:00  WARN 14932 --- [           main] JpaBaseConfiguration$JpaWebConfiguration : spring.jpa.open-in-view is enabled by default. Therefore, database queries may be performed during view rendering. Explicitly configure spring.jpa.open-in-view to disable this warning
2025-06-02T01:39:33.168+09:00  INFO 14932 --- [ngodb.net:27017] org.mongodb.driver.cluster               : Monitor thread successfully connected to server with description ServerDescription{address=ac-o1zl68d-shard-00-00.mdizof0.mongodb.net:27017, type=REPLICA_SET_SECONDARY, cryptd=false, state=CONNECTED, ok=true, minWireVersion=0, maxWireVersion=25, maxDocumentSize=16777216, logicalSessionTimeoutMinutes=30, roundTripTimeNanos=291049800, minRoundTripTimeNanos=0, setName='atlas-mvfgaz-shard-0', canonicalAddress=ac-o1zl68d-shard-00-00.mdizof0.mongodb.net:27017, hosts=[ac-o1zl68d-shard-00-01.mdizof0.mongodb.net:27017, ac-o1zl68d-shard-00-00.mdizof0.mongodb.net:27017, ac-o1zl68d-shard-00-02.mdizof0.mongodb.net:27017], passives=[], arbiters=[], primary='ac-o1zl68d-shard-00-01.mdizof0.mongodb.net:27017', tagSet=TagSet{[Tag{name='availabilityZone', value='apne2-az1'}, Tag{name='diskState', value='READY'}, Tag{name='nodeType', value='ELECTABLE'}, Tag{name='provider', value='AWS'}, Tag{name='region', value='AP_NORTHEAST_2'}, Tag{name='workloadType', value='OPERATIONAL'}]}, electionId=null, setVersion=6, topologyVersion=TopologyVersion{processId=682b5c2bbcceab10a64682fc, counter=4}, lastWriteDate=Mon Jun 02 01:39:32 KST 2025, lastUpdateTimeNanos=1236796909640100}
2025-06-02T01:39:33.168+09:00  INFO 14932 --- [ngodb.net:27017] org.mongodb.driver.cluster               : Monitor thread successfully connected to server with description ServerDescription{address=ac-o1zl68d-shard-00-01.mdizof0.mongodb.net:27017, type=REPLICA_SET_PRIMARY, cryptd=false, state=CONNECTED, ok=true, minWireVersion=0, maxWireVersion=25, maxDocumentSize=16777216, logicalSessionTimeoutMinutes=30, roundTripTimeNanos=290603700, minRoundTripTimeNanos=0, setName='atlas-mvfgaz-shard-0', canonicalAddress=ac-o1zl68d-shard-00-01.mdizof0.mongodb.net:27017, hosts=[ac-o1zl68d-shard-00-01.mdizof0.mongodb.net:27017, ac-o1zl68d-shard-00-00.mdizof0.mongodb.net:27017, ac-o1zl68d-shard-00-02.mdizof0.mongodb.net:27017], passives=[], arbiters=[], primary='ac-o1zl68d-shard-00-01.mdizof0.mongodb.net:27017', tagSet=TagSet{[Tag{name='availabilityZone', value='apne2-az3'}, Tag{name='diskState', value='READY'}, Tag{name='nodeType', value='ELECTABLE'}, Tag{name='provider', value='AWS'}, Tag{name='region', value='AP_NORTHEAST_2'}, Tag{name='workloadType', value='OPERATIONAL'}]}, electionId=7fffffff0000000000000064, setVersion=6, topologyVersion=TopologyVersion{processId=682b5f1681dcff35993c3b27, counter=6}, lastWriteDate=Mon Jun 02 01:39:32 KST 2025, lastUpdateTimeNanos=1236796909640600}
2025-06-02T01:39:33.169+09:00  INFO 14932 --- [ngodb.net:27017] org.mongodb.driver.cluster               : Monitor thread successfully connected to server with description ServerDescription{address=ac-o1zl68d-shard-00-02.mdizof0.mongodb.net:27017, type=REPLICA_SET_SECONDARY, cryptd=false, state=CONNECTED, ok=true, minWireVersion=0, maxWireVersion=25, maxDocumentSize=16777216, logicalSessionTimeoutMinutes=30, roundTripTimeNanos=292907400, minRoundTripTimeNanos=0, setName='atlas-mvfgaz-shard-0', canonicalAddress=ac-o1zl68d-shard-00-02.mdizof0.mongodb.net:27017, hosts=[ac-o1zl68d-shard-00-01.mdizof0.mongodb.net:27017, ac-o1zl68d-shard-00-00.mdizof0.mongodb.net:27017, ac-o1zl68d-shard-00-02.mdizof0.mongodb.net:27017], passives=[], arbiters=[], primary='ac-o1zl68d-shard-00-01.mdizof0.mongodb.net:27017', tagSet=TagSet{[Tag{name='availabilityZone', value='apne2-az2'}, Tag{name='diskState', value='READY'}, Tag{name='nodeType', value='ELECTABLE'}, Tag{name='provider', value='AWS'}, Tag{name='region', value='AP_NORTHEAST_2'}, Tag{name='workloadType', value='OPERATIONAL'}]}, electionId=null, setVersion=6, topologyVersion=TopologyVersion{processId=682b60ff122abd05b91bd150, counter=3}, lastWriteDate=Mon Jun 02 01:39:32 KST 2025, lastUpdateTimeNanos=1236796909640200}
2025-06-02T01:39:33.180+09:00  INFO 14932 --- [ngodb.net:27017] org.mongodb.driver.cluster               : Discovered replica set primary ac-o1zl68d-shard-00-01.mdizof0.mongodb.net:27017 with max election id 7fffffff0000000000000064 and max set version 6
2025-06-02T01:39:33.210+09:00  INFO 14932 --- [           main] r$InitializeUserDetailsManagerConfigurer : Global AuthenticationManager configured with UserDetailsService bean with name userDetailsService
2025-06-02T01:39:33.780+09:00  INFO 14932 --- [           main] tacos.TacocloudApplicationTests          : Started TacocloudApplicationTests in 3.198 seconds (process running for 3.805)
]]></system-out>
    <system-err><![CDATA[Mockito is currently self-attaching to enable the inline-mock-maker. This will no longer work in future releases of the JDK. Please add Mockito as an agent to your build what is described in Mockito's documentation: https://javadoc.io/doc/org.mockito/mockito-core/latest/org/mockito/Mockito.html#0.3
WARNING: A Java agent has been loaded dynamically (C:\Users\mj481\.m2\repository\net\bytebuddy\byte-buddy-agent\1.15.11\byte-buddy-agent-1.15.11.jar)
WARNING: If a serviceability tool is in use, please run with -XX:+EnableDynamicAgentLoading to hide this warning
WARNING: If a serviceability tool is not in use, please run with -Djdk.instrument.traceUsage for more information
WARNING: Dynamic loading of agents will be disallowed by default in a future release
]]></system-err>
  </testcase>
</testsuite>